This is pdfTeXk, Version 3.1415926-1.40.9 (Web2C 7.5.7) (format=pdflatex 2008.12.28)  15 JUL 2009 13:35
entering extended mode
\write18 enabled.
 %&-line parsing enabled.
**JSS-GeometricShapes.tex
(./JSS-GeometricShapes.tex
LaTeX2e <2005/12/01>
Babel <v3.8l> and hyphenation patterns for english, usenglishmax, dumylang, noh
yphenation, german-x-2008-06-18, ngerman-x-2008-06-18, ancientgreek, ibycus, ar
abic, basque, bulgarian, catalan, pinyin, coptic, croatian, czech, danish, dutc
h, esperanto, estonian, farsi, finnish, french, galician, german, ngerman, mono
greek, greek, hungarian, icelandic, indonesian, interlingua, irish, italian, la
tin, lithuanian, mongolian, mongolian2a, bokmal, nynorsk, polish, portuguese, r
omanian, russian, sanskrit, serbian, slovak, slovenian, spanish, swedish, turki
sh, ukenglish, ukrainian, uppersorbian, welsh, loaded.
(./jss.cls
Document Class: jss 2007/10/15 1.7 jss class by Achim Zeileis
(/usr/local/texlive/2008/texmf-dist/tex/latex/base/article.cls
Document Class: article 2005/09/16 v1.4f Standard LaTeX document class
(/usr/local/texlive/2008/texmf-dist/tex/latex/base/size11.clo
File: size11.clo 2005/09/16 v1.4f Standard LaTeX file (size option)
)
\c@part=\count79
\c@section=\count80
\c@subsection=\count81
\c@subsubsection=\count82
\c@paragraph=\count83
\c@subparagraph=\count84
\c@figure=\count85
\c@table=\count86
\abovecaptionskip=\skip41
\belowcaptionskip=\skip42
\bibindent=\dimen102
)
(/usr/local/texlive/2008/texmf-dist/tex/latex/graphics/graphicx.sty
Package: graphicx 1999/02/16 v1.0f Enhanced LaTeX Graphics (DPC,SPQR)

(/usr/local/texlive/2008/texmf-dist/tex/latex/graphics/keyval.sty
Package: keyval 1999/03/16 v1.13 key=value parser (DPC)
\KV@toks@=\toks14
)
(/usr/local/texlive/2008/texmf-dist/tex/latex/graphics/graphics.sty
Package: graphics 2006/02/20 v1.0o Standard LaTeX Graphics (DPC,SPQR)

(/usr/local/texlive/2008/texmf-dist/tex/latex/graphics/trig.sty
Package: trig 1999/03/16 v1.09 sin cos tan (DPC)
)
(/usr/local/texlive/2008/texmf/tex/latex/config/graphics.cfg
File: graphics.cfg 2007/01/18 v1.5 graphics configuration of teTeX/TeXLive
)
Package graphics Info: Driver file: pdftex.def on input line 90.

(/usr/local/texlive/2008/texmf-dist/tex/latex/pdftex-def/pdftex.def
File: pdftex.def 2008/09/08 v0.04l Graphics/color for pdfTeX
\Gread@gobject=\count87
))
\Gin@req@height=\dimen103
\Gin@req@width=\dimen104
)
(/usr/local/texlive/2008/texmf-dist/tex/latex/ltxmisc/a4wide.sty
Package: a4wide 1994/08/30

(/usr/local/texlive/2008/texmf-dist/tex/latex/ntgclass/a4.sty
Package: a4 2004/04/15 v1.2g A4 based page layout
))
(/usr/local/texlive/2008/texmf-dist/tex/latex/graphics/color.sty
Package: color 2005/11/14 v1.0j Standard LaTeX Color (DPC)

(/usr/local/texlive/2008/texmf/tex/latex/config/color.cfg
File: color.cfg 2007/01/18 v1.5 color configuration of teTeX/TeXLive
)
Package color Info: Driver file: pdftex.def on input line 130.
)
(/usr/local/texlive/2008/texmf-dist/tex/latex/ae/ae.sty
Package: ae 2001/02/12 1.3 Almost European Computer Modern

(/usr/local/texlive/2008/texmf-dist/tex/latex/base/fontenc.sty
Package: fontenc 2005/09/27 v1.99g Standard LaTeX package

(/usr/local/texlive/2008/texmf-dist/tex/latex/base/t1enc.def
File: t1enc.def 2005/09/27 v1.99g Standard LaTeX file
LaTeX Font Info:    Redeclaring font encoding T1 on input line 43.
)
LaTeX Font Info:    Try loading font information for T1+aer on input line 100.

(/usr/local/texlive/2008/texmf-dist/tex/latex/ae/t1aer.fd
File: t1aer.fd 1997/11/16 Font definitions for T1/aer.
)))
(/usr/local/texlive/2008/texmf-dist/tex/latex/fancyvrb/fancyvrb.sty
Package: fancyvrb 2008/02/07

Style option: `fancyvrb' v2.7a, with DG/SPQR fixes, and firstline=lastline fix 
<2008/02/07> (tvz)
\FV@CodeLineNo=\count88
\FV@InFile=\read1
\FV@TabBox=\box26
\c@FancyVerbLine=\count89
\FV@StepNumber=\count90
\FV@OutFile=\write3
)
(/usr/local/texlive/2008/texmf-dist/tex/latex/base/fontenc.sty
Package: fontenc 2005/09/27 v1.99g Standard LaTeX package

(/usr/local/texlive/2008/texmf-dist/tex/latex/base/t1enc.def
File: t1enc.def 2005/09/27 v1.99g Standard LaTeX file
LaTeX Font Info:    Redeclaring font encoding T1 on input line 43.
))
(/usr/local/texlive/2008/texmf-dist/tex/latex/natbib/natbib.sty
Package: natbib 2009/02/02 8.3 (PWD, AO)
\bibhang=\skip43
\bibsep=\skip44
LaTeX Info: Redefining \cite on input line 694.
\c@NAT@ctr=\count91
)
\footerskip=\skip45

(/usr/local/texlive/2008/texmf-dist/tex/latex/hyperref/hyperref.sty
Package: hyperref 2009/02/22 v6.78p Hypertext links for LaTeX

(/usr/local/texlive/2008/texmf-dist/tex/generic/oberdiek/ifpdf.sty
Package: ifpdf 2007/12/12 v1.6 Provides the ifpdf switch (HO)
Package ifpdf Info: pdfTeX in pdf mode detected.
)
(/usr/local/texlive/2008/texmf-dist/tex/generic/oberdiek/ifvtex.sty
Package: ifvtex 2008/11/04 v1.4 Switches for detecting VTeX and its modes (HO)
Package ifvtex Info: VTeX not detected.
)
(/usr/local/texlive/2008/texmf-dist/tex/generic/ifxetex/ifxetex.sty
Package: ifxetex 2009/01/23 v0.5 Provides ifxetex conditional
)
(/usr/local/texlive/2008/texmf-dist/tex/latex/oberdiek/hycolor.sty
Package: hycolor 2008/09/08 v1.4 Code for color options of hyperref/bookmark (H
O)

(/usr/local/texlive/2008/texmf-dist/tex/latex/oberdiek/xcolor-patch.sty
Package: xcolor-patch 2008/09/08 xcolor patch
))
\@linkdim=\dimen105
\Hy@linkcounter=\count92
\Hy@pagecounter=\count93

(/usr/local/texlive/2008/texmf-dist/tex/latex/hyperref/pd1enc.def
File: pd1enc.def 2009/02/22 v6.78p Hyperref: PDFDocEncoding definition (HO)
)
(/usr/local/texlive/2008/texmf-dist/tex/generic/oberdiek/etexcmds.sty
Package: etexcmds 2007/12/12 v1.2 Prefix for e-TeX command names (HO)

(/usr/local/texlive/2008/texmf-dist/tex/generic/oberdiek/infwarerr.sty
Package: infwarerr 2007/09/09 v1.2 Providing info/warning/message (HO)
)
Package etexcmds Info: Could not find \expanded.
(etexcmds)             That can mean that you are not using pdfTeX 1.50 or
(etexcmds)             that some package has redefined \expanded.
(etexcmds)             In the latter case, load this package earlier.
)
(/usr/local/texlive/2008/texmf/tex/latex/config/hyperref.cfg
File: hyperref.cfg 2002/06/06 v1.2 hyperref configuration of TeXLive
)
(/usr/local/texlive/2008/texmf-dist/tex/latex/oberdiek/kvoptions.sty
Package: kvoptions 2007/10/18 v3.0 Keyval support for LaTeX options (HO)
)
Package hyperref Info: Hyper figures OFF on input line 2935.
Package hyperref Info: Link nesting OFF on input line 2940.
Package hyperref Info: Hyper index ON on input line 2943.
Package hyperref Info: Plain pages OFF on input line 2950.
Package hyperref Info: Backreferencing OFF on input line 2955.

Implicit mode ON; LaTeX internals redefined
Package hyperref Info: Bookmarks ON on input line 3145.
(/usr/local/texlive/2008/texmf-dist/tex/latex/ltxmisc/url.sty
\Urlmuskip=\muskip10
Package: url 2006/04/12  ver 3.3  Verb mode for urls, etc.
)
LaTeX Info: Redefining \url on input line 3382.

(/usr/local/texlive/2008/texmf-dist/tex/generic/oberdiek/bitset.sty
Package: bitset 2007/09/28 v1.0 Data type bit set (HO)

(/usr/local/texlive/2008/texmf-dist/tex/generic/oberdiek/intcalc.sty
Package: intcalc 2007/09/27 v1.1 Expandable integer calculations (HO)
)
(/usr/local/texlive/2008/texmf-dist/tex/generic/oberdiek/bigintcalc.sty
Package: bigintcalc 2007/11/11 v1.1 Expandable big integer calculations (HO)

(/usr/local/texlive/2008/texmf-dist/tex/generic/oberdiek/pdftexcmds.sty
Package: pdftexcmds 2007/12/12 v0.3 LuaTeX support for pdfTeX utility functions
 (HO)
Package pdftexcmds Info: LuaTeX not detected on input line 139.
)))
(/usr/local/texlive/2008/texmf-dist/tex/generic/oberdiek/kvsetkeys.sty
Package: kvsetkeys 2007/09/29 v1.3 Key value parser with default handler suppor
t (HO)
)
\Fld@menulength=\count94
\Field@Width=\dimen106
\Fld@charsize=\dimen107
\Field@toks=\toks15
Package hyperref Info: Hyper figures OFF on input line 4299.
Package hyperref Info: Link nesting OFF on input line 4304.
Package hyperref Info: Hyper index ON on input line 4307.
Package hyperref Info: backreferencing OFF on input line 4314.
Package hyperref Info: Link coloring OFF on input line 4319.
Package hyperref Info: Link coloring with OCG OFF on input line 4324.
Package hyperref Info: PDF/A mode OFF on input line 4329.

(/usr/local/texlive/2008/texmf-dist/tex/generic/oberdiek/atbegshi.sty
Package: atbegshi 2008/07/31 v1.9 At begin shipout hook (HO)
)
\Hy@abspage=\count95
\c@Item=\count96
\c@Hfootnote=\count97
)
*hyperref using default driver hpdftex*
(/usr/local/texlive/2008/texmf-dist/tex/latex/hyperref/hpdftex.def
File: hpdftex.def 2009/02/22 v6.78p Hyperref driver for pdfTeX
\Fld@listcount=\count98
)
\preXLskip=\skip46
\preLskip=\skip47
\preMskip=\skip48
\preSskip=\skip49
\postMskip=\skip50
\postSskip=\skip51


Package hyperref Warning: Option `hyperindex' has already been used,
(hyperref)                setting the option has no effect on input line 401.

Package hyperref Info: Option `colorlinks' set `true' on input line 401.
Package hyperref Info: Option `linktocpage' set `true' on input line 401.
Package hyperref Info: Option `plainpages' set `false' on input line 401.
) (./JSS-GeometricShapes.aux

LaTeX Warning: Label `cfb' multiply defined.

)
\openout1 = `JSS-GeometricShapes.aux'.

LaTeX Font Info:    Checking defaults for OML/cmm/m/it on input line 46.
LaTeX Font Info:    ... okay on input line 46.
LaTeX Font Info:    Checking defaults for T1/cmr/m/n on input line 46.
LaTeX Font Info:    ... okay on input line 46.
LaTeX Font Info:    Checking defaults for OT1/cmr/m/n on input line 46.
LaTeX Font Info:    ... okay on input line 46.
LaTeX Font Info:    Checking defaults for OMS/cmsy/m/n on input line 46.
LaTeX Font Info:    ... okay on input line 46.
LaTeX Font Info:    Checking defaults for OMX/cmex/m/n on input line 46.
LaTeX Font Info:    ... okay on input line 46.
LaTeX Font Info:    Checking defaults for U/cmr/m/n on input line 46.
LaTeX Font Info:    ... okay on input line 46.
LaTeX Font Info:    Checking defaults for PD1/pdf/m/n on input line 46.
LaTeX Font Info:    ... okay on input line 46.
 (/usr/local/texlive/2008/texmf-dist/tex/context/base/supp-pdf.tex
[Loading MPS to PDF converter (version 2006.09.02).]
\scratchcounter=\count99
\scratchdimen=\dimen108
\scratchbox=\box27
\nofMPsegments=\count100
\nofMParguments=\count101
\everyMPshowfont=\toks16
\MPscratchCnt=\count102
\MPscratchDim=\dimen109
\MPnumerator=\count103
\everyMPtoPDFconversion=\toks17
)
Package hyperref Info: Link coloring ON on input line 46.
 (/usr/local/texlive/2008/texmf-dist/tex/latex/hyperref/nameref.sty
Package: nameref 2007/05/29 v2.31 Cross-referencing by name of section

(/usr/local/texlive/2008/texmf-dist/tex/latex/oberdiek/refcount.sty
Package: refcount 2008/08/11 v3.1 Data extraction from references (HO)
)
\c@section@level=\count104
)
LaTeX Info: Redefining \ref on input line 46.
LaTeX Info: Redefining \pageref on input line 46.

(./JSS-GeometricShapes.out) (./JSS-GeometricShapes.out)
\@outlinefile=\write4
\openout4 = `JSS-GeometricShapes.out'.

\AtBeginShipoutBox=\box28

<jsslogo.jpg, id=86, 540.0175pt x 393.47pt>
File: jsslogo.jpg Graphic file (type jpg)
 <use jsslogo.jpg>
LaTeX Font Info:    Try loading font information for T1+pzc on input line 46.

(/usr/local/texlive/2008/texmf-dist/tex/latex/psnfss/t1pzc.fd
File: t1pzc.fd 2001/06/04 font definitions for T1/pzc.
)
LaTeX Font Info:    Font shape `T1/pzc/m/n' in size <28> not available
(Font)              Font shape `T1/pzc/mb/it' tried instead on input line 46.
LaTeX Font Info:    External font `cmex10' loaded for size
(Font)              <10.95> on input line 46.
LaTeX Font Info:    External font `cmex10' loaded for size
(Font)              <8> on input line 46.
LaTeX Font Info:    External font `cmex10' loaded for size
(Font)              <6> on input line 46.

Underfull \vbox (badness 2158) has occurred while \output is active []

 [1

{/usr/local/texlive/2008/texmf-var/fonts/map/pdftex/updmap/pdftex.map} <./jsslo
go.jpg>]
<cube2D.pdf, id=117, 229.85875pt x 214.8025pt>
File: cube2D.pdf Graphic file (type pdf)
 <use cube2D.pdf>
<cube3D.pdf, id=118, 213.79875pt x 224.84pt>
File: cube3D.pdf Graphic file (type pdf)
 <use cube3D.pdf>
<cube4D.pdf, id=119, 211.79124pt x 230.8625pt>
File: cube4D.pdf Graphic file (type pdf)
 <use cube4D.pdf>
<cube5D.pdf, id=120, 224.84pt x 215.80624pt>
File: cube5D.pdf Graphic file (type pdf)
 <use cube5D.pdf>
LaTeX Font Info:    Try loading font information for OMS+aer on input line 125.


(/usr/local/texlive/2008/texmf-dist/tex/latex/ae/omsaer.fd
File: omsaer.fd 1999/12/27
)
LaTeX Font Info:    Font shape `OMS/aer/m/n' in size <10.95> not available
(Font)              Font shape `OMS/cmsy/m/n' tried instead on input line 125.

Overfull \hbox (5.47499pt too wide) has occurred while \output is active
\T1/aer/m/n/10.95 2 []
 []

[2 <./cube2D.pdf> <./cube3D.pdf> <./cube4D.pdf> <./cube5D.pdf>]
LaTeX Font Info:    Try loading font information for T1+aett on input line 133.


(/usr/local/texlive/2008/texmf-dist/tex/latex/ae/t1aett.fd
File: t1aett.fd 1997/11/16 Font definitions for T1/aett.
)
Overfull \hbox (5.47499pt too wide) has occurred while \output is active
[] \T1/aer/m/n/10.95 3
 []

[3]
Overfull \hbox (5.47499pt too wide) has occurred while \output is active
\T1/aer/m/n/10.95 4 []
 []

[4] <cube-2-solid.pdf, id=184, 295.1025pt x 276.03125pt>
File: cube-2-solid.pdf Graphic file (type pdf)

<use cube-2-solid.pdf> <cube-3-solid.pdf, id=185, 304.13625pt x 254.9525pt>
File: cube-3-solid.pdf Graphic file (type pdf)

<use cube-3-solid.pdf> <cube-4-solid.pdf, id=186, 261.97874pt x 270.00874pt>
File: cube-4-solid.pdf Graphic file (type pdf)

<use cube-4-solid.pdf>
<cube-2-solideq-9.pdf, id=187, 310.15875pt x 290.08376pt>
File: cube-2-solideq-9.pdf Graphic file (type pdf)

<use cube-2-solideq-9.pdf>
<cube-3-solideq-9.pdf, id=188, 312.9243pt x 260.55473pt>
File: cube-3-solideq-9.pdf Graphic file (type pdf)

<use cube-3-solideq-9.pdf>
<cube-4-solideq-9.pdf, id=189, 321.2pt x 300.12125pt>
File: cube-4-solideq-9.pdf Graphic file (type pdf)

<use cube-4-solideq-9.pdf>
Overfull \hbox (5.47499pt too wide) has occurred while \output is active
[] \T1/aer/m/n/10.95 5
 []

[5]
Overfull \hbox (5.47499pt too wide) has occurred while \output is active
\T1/aer/m/n/10.95 6 []
 []

[6 <./cube-2-solid.pdf> <./cube-3-solid.pdf> <./cube-4-solid.pdf> <./cube-2-sol
ideq-9.pdf> <./cube-3-solideq-9.pdf> <./cube-4-solideq-9.pdf>]
<cube-x.pdf, id=254, 326.21875pt x 326.21875pt>
File: cube-x.pdf Graphic file (type pdf)
 <use cube-x.pdf>
<cube-x-y.pdf, id=255, 289.08pt x 289.08pt>
File: cube-x-y.pdf Graphic file (type pdf)
 <use cube-x-y.pdf>
<cube-x-y-z.pdf, id=256, 269.005pt x 258.9675pt>
File: cube-x-y-z.pdf Graphic file (type pdf)
 <use cube-x-y-z.pdf>
<cube-4-face-1-1.pdf, id=257, 577.15625pt x 506.89375pt>
File: cube-4-face-1-1.pdf Graphic file (type pdf)

<use cube-4-face-1-1.pdf>
<cube-4-face-2-1.pdf, id=258, 558.085pt x 543.02875pt>
File: cube-4-face-2-1.pdf Graphic file (type pdf)

<use cube-4-face-2-1.pdf> <cube-4-face-3-1.pdf, id=259, 566.115pt x 542.025pt>
File: cube-4-face-3-1.pdf Graphic file (type pdf)

<use cube-4-face-3-1.pdf>
<cube-4-face-4-1.pdf, id=260, 579.60858pt x 587.17825pt>
File: cube-4-face-4-1.pdf Graphic file (type pdf)

<use cube-4-face-4-1.pdf> <cube-3-vert.pdf, id=261, 317.185pt x 317.185pt>
File: cube-3-vert.pdf Graphic file (type pdf)

<use cube-3-vert.pdf> <cube-5-vert.pdf, id=262, 342.27875pt x 318.18875pt>
File: cube-5-vert.pdf Graphic file (type pdf)

<use cube-5-vert.pdf> <cube-10-vert.pdf, id=263, 342.27875pt x 323.2075pt>
File: cube-10-vert.pdf Graphic file (type pdf)

<use cube-10-vert.pdf> <cube-15-vert.pdf, id=264, 343.2825pt x 321.2pt>
File: cube-15-vert.pdf Graphic file (type pdf)

<use cube-15-vert.pdf>
Overfull \hbox (5.47499pt too wide) has occurred while \output is active
[] \T1/aer/m/n/10.95 7
 []

[7 <./cube-x.pdf> <./cube-x-y.pdf> <./cube-x-y-z.pdf> <./cube-4-face-1-1.pdf> <
./cube-4-face-2-1.pdf> <./cube-4-face-3-1.pdf> <./cube-4-face-4-1.pdf> <./cube-
3-vert.pdf> <./cube-5-vert.pdf> <./cube-10-vert.pdf> <./cube-15-vert.pdf>]
<sphere-2.pdf, id=364, 315.1775pt x 305.14pt>
File: sphere-2.pdf Graphic file (type pdf)
 <use sphere-2.pdf>
<sphere-3.pdf, id=365, 331.2375pt x 303.1325pt>
File: sphere-3.pdf Graphic file (type pdf)
 <use sphere-3.pdf>
<sphere-4.pdf, id=366, 316.18124pt x 290.08376pt>
File: sphere-4.pdf Graphic file (type pdf)
 <use sphere-4.pdf>
<sphere-2-solid.pdf, id=367, 315.1775pt x 283.0575pt>
File: sphere-2-solid.pdf Graphic file (type pdf)
 <use sphere-2-solid.pdf>
<sphere-3-solid.pdf, id=368, 321.2pt x 289.08pt>
File: sphere-3-solid.pdf Graphic file (type pdf)
 <use sphere-3-solid.pdf>
<sphere-4-solid.pdf, id=369, 315.1775pt x 280.04625pt>
File: sphere-4-solid.pdf Graphic file (type pdf)

<use sphere-4-solid.pdf>
Overfull \hbox (5.47499pt too wide) has occurred while \output is active
\T1/aer/m/n/10.95 8 []
 []

[8 <./sphere-2.pdf> <./sphere-3.pdf> <./sphere-4.pdf> <./sphere-2-solid.pdf> <.
/sphere-3-solid.pdf> <./sphere-4-solid.pdf>]
<sphere-2-bad.jpg, id=430, 264.99pt x 253.94875pt>
File: sphere-2-bad.jpg Graphic file (type jpg)
 <use sphere-2-bad.jpg>
<sphere-2-good.jpg, id=431, 259.97125pt x 251.94125pt>
File: sphere-2-good.jpg Graphic file (type jpg)
 <use sphere-2-good.jpg>
<sphere-2-1and2.jpg, id=432, 266.9975pt x 245.91875pt>
File: sphere-2-1and2.jpg Graphic file (type jpg)

<use sphere-2-1and2.jpg> <simplex2.pdf, id=433, 323.2075pt x 287.0725pt>
File: simplex2.pdf Graphic file (type pdf)

<use simplex2.pdf> <simplex3.pdf, id=434, 259.97125pt x 259.97125pt>
File: simplex3.pdf Graphic file (type pdf)

<use simplex3.pdf> <simplex4.pdf, id=435, 238.8925pt x 238.8925pt>
File: simplex4.pdf Graphic file (type pdf)

<use simplex4.pdf> <simplex5.pdf, id=436, 185.69376pt x 176.66pt>
File: simplex5.pdf Graphic file (type pdf)

<use simplex5.pdf>
Overfull \hbox (5.47499pt too wide) has occurred while \output is active
[] \T1/aer/m/n/10.95 9
 []

[9 <./sphere-2-bad.jpg> <./sphere-2-good.jpg> <./sphere-2-1and2.jpg> <./simplex
2.pdf> <./simplex3.pdf> <./simplex4.pdf> <./simplex5.pdf>]
<24-cell.pdf, id=473, 271.0125pt x 233.87375pt>
File: 24-cell.pdf Graphic file (type pdf)
 <use 24-cell.pdf>
<120-cell.pdf, id=474, 225.84375pt x 201.75375pt>
File: 120-cell.pdf Graphic file (type pdf)
 <use 120-cell.pdf>
<600-cell.pdf, id=475, 279.0425pt x 260.975pt>
File: 600-cell.pdf Graphic file (type pdf)
 <use 600-cell.pdf>
Overfull \hbox (10.94998pt too wide) has occurred while \output is active
\T1/aer/m/n/10.95 10 []
 []

[10] <mobius.pdf, id=487, 224.84pt x 224.84pt>
File: mobius.pdf Graphic file (type pdf)
 <use mobius.pdf>
<roman.pdf, id=488, 256.96pt x 248.93pt>
File: roman.pdf Graphic file (type pdf)
 <use roman.pdf>
<boy-surface.pdf, id=489, 230.8625pt x 241.90375pt>
File: boy-surface.pdf Graphic file (type pdf)
 <use boy-surface.pdf>
<torus-ring-3-2nd-1.pdf, id=495, 237.88875pt x 171.64125pt>
File: torus-ring-3-2nd-1.pdf Graphic file (type pdf)

<use torus-ring-3-2nd-1.pdf>
<torus-ring-3-2nd-2.pdf, id=496, 269.005pt x 207.77625pt>
File: torus-ring-3-2nd-2.pdf Graphic file (type pdf)

<use torus-ring-3-2nd-2.pdf>
<torus-ring-3-2nd-3.pdf, id=497, 266.9975pt x 137.51375pt>
File: torus-ring-3-2nd-3.pdf Graphic file (type pdf)

<use torus-ring-3-2nd-3.pdf>
<torus-rings-4-2.pdf, id=498, 222.8325pt x 142.5325pt>
File: torus-rings-4-2.pdf Graphic file (type pdf)

<use torus-rings-4-2.pdf>
<torus-rings-4-with-torus-2.pdf, id=499, 464.73625pt x 401.5pt>
File: torus-rings-4-with-torus-2.pdf Graphic file (type pdf)

<use torus-rings-4-with-torus-2.pdf>
<torus-rings-4-with-torus-1.pdf, id=500, 493.845pt x 314.17375pt>
File: torus-rings-4-with-torus-1.pdf Graphic file (type pdf)

<use torus-rings-4-with-torus-1.pdf>
Overfull \hbox (10.94998pt too wide) has occurred while \output is active
[] \T1/aer/m/n/10.95 11
 []

[11 <./24-cell.pdf> <./120-cell.pdf> <./600-cell.pdf> <./mobius.pdf> <./roman.p
df> <./boy-surface.pdf>] <torus-2-50k.pdf, id=562, 295.33034pt x 269.69406pt>
File: torus-2-50k.pdf Graphic file (type pdf)

<use torus-2-50k.pdf> <torus-3-50k.pdf, id=563, 267.64313pt x 247.17749pt>
File: torus-3-50k.pdf Graphic file (type pdf)

<use torus-3-50k.pdf> <torus-4-50k.pdf, id=564, 272.77042pt x 244.99637pt>
File: torus-4-50k.pdf Graphic file (type pdf)

<use torus-4-50k.pdf>
Overfull \hbox (10.94998pt too wide) has occurred while \output is active
\T1/aer/m/n/10.95 12 []
 []

[12 <./torus-ring-3-2nd-1.pdf> <./torus-ring-3-2nd-2.pdf> <./torus-ring-3-2nd-3
.pdf> <./torus-rings-4-2.pdf> <./torus-rings-4-with-torus-2.pdf> <./torus-rings
-4-with-torus-1.pdf> <./torus-2-50k.pdf> <./torus-3-50k.pdf> <./torus-4-50k.pdf
>]
Overfull \hbox (10.94998pt too wide) has occurred while \output is active
[] \T1/aer/m/n/10.95 13
 []

[13]
Overfull \hbox (10.94998pt too wide) has occurred while \output is active
\T1/aer/m/n/10.95 14 []
 []

[14] <torus-flat-2.pdf, id=660, 293.095pt x 271.0125pt>
File: torus-flat-2.pdf Graphic file (type pdf)
 <use torus-flat-2.pdf>
<torus-flat-4.pdf, id=661, 323.0177pt x 302.50853pt>
File: torus-flat-4.pdf Graphic file (type pdf)
 <use torus-flat-4.pdf>
<torus-flat-6.pdf, id=662, 351.7302pt x 305.5849pt>
File: torus-flat-6.pdf Graphic file (type pdf)
 <use torus-flat-6.pdf>
<torus-flat-6-0.pdf, id=663, 342.5012pt x 325.06848pt>
File: torus-flat-6-0.pdf Graphic file (type pdf)

<use torus-flat-6-0.pdf>
<torus-flat-6-1.pdf, id=664, 344.55211pt x 326.09395pt>
File: torus-flat-6-1.pdf Graphic file (type pdf)

<use torus-flat-6-1.pdf>
<torus-flat-6-2.pdf, id=665, 345.57755pt x 324.04305pt>
File: torus-flat-6-2.pdf Graphic file (type pdf)

<use torus-flat-6-2.pdf>
<torus-flat-6-3.pdf, id=666, 343.52655pt x 321.99214pt>
File: torus-flat-6-3.pdf Graphic file (type pdf)

<use torus-flat-6-3.pdf>
<torus-flat-6-matrix.pdf, id=667, 690.80864pt x 636.74533pt>
File: torus-flat-6-matrix.pdf Graphic file (type pdf)

<use torus-flat-6-matrix.pdf>
Overfull \hbox (10.94998pt too wide) has occurred while \output is active
[] \T1/aer/m/n/10.95 15
 []

[15 <./torus-flat-2.pdf> <./torus-flat-4.pdf> <./torus-flat-6.pdf>]
Underfull \vbox (badness 10000) has occurred while \output is active []


Overfull \hbox (10.94998pt too wide) has occurred while \output is active
\T1/aer/m/n/10.95 16 []
 []

[16 <./torus-flat-6-0.pdf> <./torus-flat-6-1.pdf> <./torus-flat-6-2.pdf> <./tor
us-flat-6-3.pdf> <./torus-flat-6-matrix.pdf>] (./JSS-GeometricShapes.bbl
Underfull \hbox (badness 4752) in paragraph at lines 32--36
[]\T1/aer/m/n/10.95 Bourke P (1996).  ``Sur-faces and Curves.''  URL [][]$\T1/a
ett/m/n/10.95 \protect \ protect \ protect \
 []


Underfull \hbox (badness 10000) in paragraph at lines 32--36
\T1/aett/m/n/10.95 edefT1{T1} \ let \ enc @ update \ relax \ protect \ edefaer{
aer} \ protect \ edefm{m} \
 []


Underfull \hbox (badness 10000) in paragraph at lines 32--36
\T1/aett/m/n/10.95 protect \ edefn{n} \ protect \ xdef \ T1 / aett / m / n / 10
 . 95{\T1 / aer / m / n / 10 . 95} \ T1 / aett /
 []


Underfull \hbox (badness 10000) in paragraph at lines 32--36
\T1/aett/m/n/10.95 m / n / 10 . 95 \ size @ update \ enc @ update \ ignorespace
s \ relax \ protect \ relax \ protect \
 []


Underfull \hbox (badness 10000) in paragraph at lines 32--36
\T1/aett/m/n/10.95 edefaer{aett} \ protect \ xdef \ T1 / aett / m / n / 10 . 95
{\T1 / aer / m / n / 10 . 95} \ T1 / aett /
 []


Underfull \hbox (badness 10000) in paragraph at lines 32--36
\T1/aett/m/n/10.95 m / n / 10 . 95 \ size @ update \ enc @ updatehttp : / / loc
al . wasp . uwa . edu . au / ~pbourke /
 []


Underfull \hbox (badness 10000) in paragraph at lines 52--59
[]\T1/aer/m/n/10.95 Cook D (1997).  ``Cal-i-brate Your Eyes to Rec-og-nize High
-Dimensional
 []


Underfull \hbox (badness 10000) in paragraph at lines 52--59
\T1/aer/m/n/10.95 Shapes from Their Low-Dimensional Pro-jec-tions.''  \T1/aer/m
/it/10.95 Jour-nal of Sta-tis-
 []


Underfull \hbox (badness 10000) in paragraph at lines 52--59
\T1/aer/m/it/10.95 ti-cal Soft-ware\T1/aer/m/n/10.95 , \T1/aer/bx/n/10.95 2\T1/
aer/m/n/10.95 (6).  \T1/aett/m/n/10.95 http://www.stat.ucla.edu/journals/jss/ \
T1/aer/m/n/10.95 and
 []


Overfull \hbox (10.94998pt too wide) has occurred while \output is active
[] \T1/aer/m/n/10.95 17
 []

[17]
Underfull \hbox (badness 10000) in paragraph at lines 75--78
[]\T1/aer/m/n/10.95 Hart G (2000).  ``Vir-tual Poly-he-dra.''  URL [][]$\T1/aet
t/m/n/10.95 http : / / www . georgehart . com /
 []

)
LaTeX Font Info:    Font shape `T1/pzc/m/n' in size <13> not available
(Font)              Font shape `T1/pzc/mb/it' tried instead on input line 932.

Overfull \hbox (10.94998pt too wide) has occurred while \output is active
\T1/aer/m/n/10.95 18 []
 []

[18] (./JSS-GeometricShapes.aux)

LaTeX Warning: There were multiply-defined labels.

 ) 
Here is how much of TeX's memory you used:
 5789 strings out of 493876
 84580 string characters out of 1150567
 158508 words of memory out of 3000000
 8798 multiletter control sequences out of 10000+50000
 44243 words of font info for 78 fonts, out of 3000000 for 5000
 714 hyphenation exceptions out of 8191
 43i,12n,34p,381b,466s stack positions out of 5000i,500n,10000p,200000b,50000s
{/usr/local/texlive/2008/texmf-dist/fonts/enc/dvips/base/8r.enc}</usr/local/t
exlive/2008/texmf-dist/fonts/type1/bluesky/cm/cmb10.pfb></usr/local/texlive/200
8/texmf-dist/fonts/type1/bluesky/cm/cmbx10.pfb></usr/local/texlive/2008/texmf-d
ist/fonts/type1/bluesky/cm/cmbx12.pfb></usr/local/texlive/2008/texmf-dist/fonts
/type1/bluesky/cm/cmmi10.pfb></usr/local/texlive/2008/texmf-dist/fonts/type1/bl
uesky/cm/cmmi8.pfb></usr/local/texlive/2008/texmf-dist/fonts/type1/bluesky/cm/c
mr10.pfb></usr/local/texlive/2008/texmf-dist/fonts/type1/bluesky/cm/cmr8.pfb></
usr/local/texlive/2008/texmf-dist/fonts/type1/bluesky/cm/cmsl10.pfb></usr/local
/texlive/2008/texmf-dist/fonts/type1/bluesky/cm/cmsy10.pfb></usr/local/texlive/
2008/texmf-dist/fonts/type1/bluesky/cm/cmsy8.pfb></usr/local/texlive/2008/texmf
-dist/fonts/type1/bluesky/cm/cmti10.pfb></usr/local/texlive/2008/texmf-dist/fon
ts/type1/bluesky/cm/cmtt10.pfb></usr/local/texlive/2008/texmf-dist/fonts/type1/
urw/zapfchan/uzcmi8a.pfb>
Output written on JSS-GeometricShapes.pdf (18 pages, 1430864 bytes).
PDF statistics:
 867 PDF objects out of 1000 (max. 8388607)
 92 named destinations out of 1000 (max. 131072)
 463 words of extra memory for PDF output out of 10000 (max. 10000000)

