\BOOKMARK [1][-]{Section.0.Introduction.1}{Introduction}{}
\BOOKMARK [1][-]{Section.1.Cubes.1}{Cubes}{}
\BOOKMARK [2][-]{Subsection.2.0.In the Beginning....2}{In the Beginning...}{Section.1.Cubes.1}
\BOOKMARK [2][-]{Subsection.2.1.Points on Vertices.2}{Points on Vertices}{Section.1.Cubes.1}
\BOOKMARK [2][-]{Subsection.2.2.Completing the Wire Frame.2}{Completing the Wire Frame}{Section.1.Cubes.1}
\BOOKMARK [2][-]{Subsection.2.3.Solid Cube.2}{Solid Cube}{Section.1.Cubes.1}
\BOOKMARK [2][-]{Subsection.2.4.Hollow Cube.2}{Hollow Cube}{Section.1.Cubes.1}
\BOOKMARK [2][-]{Subsection.2.5.High-D Cubes Look Spherical!.2}{High-D Cubes Look Spherical!}{Section.1.Cubes.1}
\BOOKMARK [1][-]{Section.2.Spheres.1}{Spheres}{}
\BOOKMARK [2][-]{Subsection.3.0.Hollow Sphere.2}{Hollow Sphere}{Section.2.Spheres.1}
\BOOKMARK [2][-]{Subsection.3.1.Don't Reject the Solid Sphere!.2}{Don't Reject the Solid Sphere!}{Section.2.Spheres.1}
\BOOKMARK [1][-]{Section.3.Simplexes.1}{Simplexes}{}
\BOOKMARK [1][-]{Section.4.Polyhedra.1}{Polyhedra}{}
\BOOKMARK [1][-]{Section.5.Surfaces and Curves.1}{Surfaces and Curves}{}
\BOOKMARK [1][-]{Section.6.Polytopes.1}{Polytopes}{}
\BOOKMARK [1][-]{Section.7.Tori.1}{Tori}{}
\BOOKMARK [2][-]{Subsection.8.0.Ring Torus.2}{Ring Torus}{Section.7.Tori.1}
\BOOKMARK [2][-]{Subsection.8.1.Flat Torus.2}{Flat Torus}{Section.7.Tori.1}
\BOOKMARK [2][-]{Subsection.8.2.Solid?.2}{Solid?}{Section.7.Tori.1}
\BOOKMARK [1][-]{Section.8.Conclusion.1}{Conclusion}{}
