This is pdfTeXk, Version 3.141592-1.40.3 (Web2C 7.5.6) (format=pdflatex 2008.2.29)  17 JUN 2013 16:27
entering extended mode
\write18 enabled.
 %&-line parsing enabled.
**RJpaper.tex
(./RJpaper.tex
LaTeX2e <2005/12/01>
Babel <v3.8h> and hyphenation patterns for english, usenglishmax, dumylang, noh
yphenation, arabic, basque, bulgarian, coptic, welsh, czech, slovak, german, ng
erman, danish, esperanto, spanish, catalan, galician, estonian, farsi, finnish,
 french, greek, monogreek, ancientgreek, croatian, hungarian, interlingua, ibyc
us, indonesian, icelandic, italian, latin, mongolian, dutch, norsk, polish, por
tuguese, pinyin, romanian, russian, slovenian, uppersorbian, serbian, swedish, 
turkish, ukenglish, ukrainian, loaded.
(/usr/local/texlive/2007/texmf-dist/tex/latex/base/report.cls
Document Class: report 2005/09/16 v1.4f Standard LaTeX document class
(/usr/local/texlive/2007/texmf-dist/tex/latex/base/size10.clo
File: size10.clo 2005/09/16 v1.4f Standard LaTeX file (size option)
)
\c@part=\count79
\c@chapter=\count80
\c@section=\count81
\c@subsection=\count82
\c@subsubsection=\count83
\c@paragraph=\count84
\c@subparagraph=\count85
\c@figure=\count86
\c@table=\count87
\abovecaptionskip=\skip41
\belowcaptionskip=\skip42
\bibindent=\dimen102
) (./RJournal.sty
Package: RJournal 2009/05/05 v0.6 RJournal package
Package: `RJournal v0.6    <2009/05/05>'
English documentation as of <2009/05/05>
(/usr/local/texlive/2007/texmf-dist/tex/latex/base/ifthen.sty
Package: ifthen 2001/05/26 v1.1c Standard LaTeX ifthen package (DPC)
)
(/usr/local/texlive/2007/texmf-dist/tex/latex/pgf/frontendlayer/tikz.sty
(/usr/local/texlive/2007/texmf-dist/tex/latex/pgf/basiclayer/pgf.sty
(/usr/local/texlive/2007/texmf-dist/tex/latex/pgf/utilities/pgfrcs.sty
(/usr/local/texlive/2007/texmf-dist/tex/generic/pgf/utilities/pgfutil-common.te
x)
(/usr/local/texlive/2007/texmf-dist/tex/generic/pgf/utilities/pgfutil-latex.def
) (/usr/local/texlive/2007/texmf-dist/tex/generic/pgf/utilities/pgfrcs.code.tex
Package: pgfrcs 2006/10/26 v1.10 (rcs-revision 1.14)
))
Package: pgf 2006/10/11 v1.10 (rcs-revision 1.7)
 (/usr/local/texlive/2007/texmf-dist/tex/latex/pgf/basiclayer/pgfcore.sty
(/usr/local/texlive/2007/texmf-dist/tex/latex/graphics/graphicx.sty
Package: graphicx 1999/02/16 v1.0f Enhanced LaTeX Graphics (DPC,SPQR)

(/usr/local/texlive/2007/texmf-dist/tex/latex/graphics/keyval.sty
Package: keyval 1999/03/16 v1.13 key=value parser (DPC)
\KV@toks@=\toks14
)
(/usr/local/texlive/2007/texmf-dist/tex/latex/graphics/graphics.sty
Package: graphics 2006/02/20 v1.0o Standard LaTeX Graphics (DPC,SPQR)

(/usr/local/texlive/2007/texmf-dist/tex/latex/graphics/trig.sty
Package: trig 1999/03/16 v1.09 sin cos tan (DPC)
)
(/usr/local/texlive/2007/texmf/tex/latex/config/graphics.cfg
File: graphics.cfg 2007/01/18 v1.5 graphics configuration of teTeX/TeXLive
)
Package graphics Info: Driver file: pdftex.def on input line 90.

(/usr/local/texlive/2007/texmf-dist/tex/latex/pdftex-def/pdftex.def
File: pdftex.def 2007/01/08 v0.04d Graphics/color for pdfTeX
\Gread@gobject=\count88
))
\Gin@req@height=\dimen103
\Gin@req@width=\dimen104
)
(/usr/local/texlive/2007/texmf-dist/tex/latex/pgf/systemlayer/pgfsys.sty
(/usr/local/texlive/2007/texmf-dist/tex/generic/pgf/systemlayer/pgfsys.code.tex
Package: pgfsys 2006/10/16 v1.10 (rcs-revision 1.19)
\pgf@x=\dimen105
\pgf@y=\dimen106
\pgf@xa=\dimen107
\pgf@ya=\dimen108
\pgf@xb=\dimen109
\pgf@yb=\dimen110
\pgf@xc=\dimen111
\pgf@yc=\dimen112
(/usr/local/texlive/2007/texmf-dist/tex/generic/pgf/systemlayer/pgf.cfg
File: pgf.cfg 2006/10/11  (rcs-revision 1.2)
)
Package pgfsys Info: Driver file for pgf: pgfsys-pdftex.def on input line 845.

(/usr/local/texlive/2007/texmf-dist/tex/generic/pgf/systemlayer/pgfsys-pdftex.d
ef
File: pgfsys-pdftex.def 2006/10/23  (rcs-revision 1.14)

(/usr/local/texlive/2007/texmf-dist/tex/generic/pgf/systemlayer/pgfsys-common-p
df.def
File: pgfsys-common-pdf.def 2006/10/16  (rcs-revision 1.7)
)))
(/usr/local/texlive/2007/texmf-dist/tex/generic/pgf/systemlayer/pgfsyssoftpath.
code.tex
File: pgfsyssoftpath.code.tex 2006/10/16  (rcs-revision 1.4)
)
(/usr/local/texlive/2007/texmf-dist/tex/generic/pgf/systemlayer/pgfsysprotocol.
code.tex
File: pgfsysprotocol.code.tex 2006/10/16  (rcs-revision 1.4)
)) (/usr/local/texlive/2007/texmf-dist/tex/latex/xcolor/xcolor.sty
Package: xcolor 2007/01/21 v2.11 LaTeX color extensions (UK)

(/usr/local/texlive/2007/texmf/tex/latex/config/color.cfg
File: color.cfg 2007/01/18 v1.5 color configuration of teTeX/TeXLive
)
Package xcolor Info: Driver file: pdftex.def on input line 225.
Package xcolor Info: Model `cmy' substituted by `cmy0' on input line 1337.
Package xcolor Info: Model `hsb' substituted by `rgb' on input line 1341.
Package xcolor Info: Model `RGB' extended on input line 1353.
Package xcolor Info: Model `HTML' substituted by `rgb' on input line 1355.
Package xcolor Info: Model `Hsb' substituted by `hsb' on input line 1356.
Package xcolor Info: Model `tHsb' substituted by `hsb' on input line 1357.
Package xcolor Info: Model `HSB' substituted by `hsb' on input line 1358.
Package xcolor Info: Model `Gray' substituted by `gray' on input line 1359.
Package xcolor Info: Model `wave' substituted by `hsb' on input line 1360.
)
(/usr/local/texlive/2007/texmf-dist/tex/generic/pgf/basiclayer/pgfcore.code.tex
Package: pgfcore 2006/10/11 v1.10 (rcs-revision 1.4)

(/usr/local/texlive/2007/texmf-dist/tex/generic/pgf/basiclayer/pgfcoremath.code
.tex
File: pgfcoremath.code.tex 2006/10/15  (rcs-revision 1.3)
\c@pgf@counta=\count89
\c@pgf@countb=\count90
\c@pgf@countc=\count91
\c@pgf@countd=\count92
)
(/usr/local/texlive/2007/texmf-dist/tex/generic/pgf/basiclayer/pgfcorepoints.co
de.tex
File: pgfcorepoints.code.tex 2006/10/16  (rcs-revision 1.7)
\pgf@picminx=\dimen113
\pgf@picmaxx=\dimen114
\pgf@picminy=\dimen115
\pgf@picmaxy=\dimen116
\pgf@pathminx=\dimen117
\pgf@pathmaxx=\dimen118
\pgf@pathminy=\dimen119
\pgf@pathmaxy=\dimen120
\pgf@tempdim=\dimen121
\c@pgf@tempcount=\count93
\pgf@xx=\dimen122
\pgf@xy=\dimen123
\pgf@yx=\dimen124
\pgf@yy=\dimen125
\pgf@zx=\dimen126
\pgf@zy=\dimen127
)
(/usr/local/texlive/2007/texmf-dist/tex/generic/pgf/basiclayer/pgfcorepathconst
ruct.code.tex
File: pgfcorepathconstruct.code.tex 2006/10/16  (rcs-revision 1.6)
\pgf@path@lastx=\dimen128
\pgf@path@lasty=\dimen129
)
(/usr/local/texlive/2007/texmf-dist/tex/generic/pgf/basiclayer/pgfcorepathusage
.code.tex
File: pgfcorepathusage.code.tex 2006/10/16  (rcs-revision 1.7)
\pgf@shorten@end@additional=\dimen130
\pgf@shorten@start@additional=\dimen131
)
(/usr/local/texlive/2007/texmf-dist/tex/generic/pgf/basiclayer/pgfcorescopes.co
de.tex
File: pgfcorescopes.code.tex 2006/10/23  (rcs-revision 1.20)
\pgfpic=\box26
\pgf@hbox=\box27
\pgf@layerbox@main=\box28
\pgf@picture@serial@count=\count94
)
(/usr/local/texlive/2007/texmf-dist/tex/generic/pgf/basiclayer/pgfcoregraphicst
ate.code.tex
File: pgfcoregraphicstate.code.tex 2006/10/16  (rcs-revision 1.6)
\pgflinewidth=\dimen132
)
(/usr/local/texlive/2007/texmf-dist/tex/generic/pgf/basiclayer/pgfcoretransform
ations.code.tex
File: pgfcoretransformations.code.tex 2006/10/11  (rcs-revision 1.4)
\pgf@pt@x=\dimen133
\pgf@pt@y=\dimen134
\pgf@pt@temp=\dimen135
)
(/usr/local/texlive/2007/texmf-dist/tex/generic/pgf/basiclayer/pgfcorequick.cod
e.tex
File: pgfcorequick.code.tex 2006/10/11  (rcs-revision 1.2)
)
(/usr/local/texlive/2007/texmf-dist/tex/generic/pgf/basiclayer/pgfcoreobjects.c
ode.tex
File: pgfcoreobjects.code.tex 2006/10/11  (rcs-revision 1.2)
)
(/usr/local/texlive/2007/texmf-dist/tex/generic/pgf/basiclayer/pgfcorepathproce
ssing.code.tex
File: pgfcorepathprocessing.code.tex 2006/10/16  (rcs-revision 1.5)
)
(/usr/local/texlive/2007/texmf-dist/tex/generic/pgf/basiclayer/pgfcorearrows.co
de.tex
File: pgfcorearrows.code.tex 2006/10/16  (rcs-revision 1.6)
)
(/usr/local/texlive/2007/texmf-dist/tex/generic/pgf/basiclayer/pgfcoreshade.cod
e.tex
File: pgfcoreshade.code.tex 2006/10/16  (rcs-revision 1.7)
\pgf@max=\dimen136
\pgf@sys@shading@range@num=\count95
)))
(/usr/local/texlive/2007/texmf-dist/tex/latex/pgf/basiclayer/pgfbaseshapes.sty
(/usr/local/texlive/2007/texmf-dist/tex/generic/pgf/basiclayer/pgfbaseshapes.co
de.tex
Package: pgfbaseshapes 2006/10/16 v1.10 (rcs-revision 1.16)
\pgfnodeparttextbox=\box29
))
(/usr/local/texlive/2007/texmf-dist/tex/latex/pgf/basiclayer/pgfbaseplot.sty
(/usr/local/texlive/2007/texmf-dist/tex/generic/pgf/basiclayer/pgfbaseplot.code
.tex
Package: pgfbaseplot 2006/10/16 v1.10 (rcs-revision 1.5)
\pgf@plotwrite=\write3
))
(/usr/local/texlive/2007/texmf-dist/tex/latex/pgf/basiclayer/pgfbaseimage.sty
(/usr/local/texlive/2007/texmf-dist/tex/generic/pgf/basiclayer/pgfbaseimage.cod
e.tex
Package: pgfbaseimage 2006/10/16 v1.10 (rcs-revision 1.5)
))
(/usr/local/texlive/2007/texmf-dist/tex/latex/pgf/basiclayer/pgfbaselayers.sty
(/usr/local/texlive/2007/texmf-dist/tex/generic/pgf/basiclayer/pgfbaselayers.co
de.tex
Package: pgfbaselayers 2006/10/16 v1.10 (rcs-revision 1.5)
))
(/usr/local/texlive/2007/texmf-dist/tex/latex/pgf/basiclayer/pgfbasesnakes.sty
(/usr/local/texlive/2007/texmf-dist/tex/generic/pgf/basiclayer/pgfbasesnakes.co
de.tex
Package: pgfbasesnakes 2006/10/16 v1.10 (rcs-revision 1.10)
\pgfsnakeremainingdistance=\dimen137
\pgfsnakecompleteddistance=\dimen138
))
(/usr/local/texlive/2007/texmf-dist/tex/latex/pgf/basiclayer/pgfbasepatterns.st
y
(/usr/local/texlive/2007/texmf-dist/tex/generic/pgf/basiclayer/pgfbasepatterns.
code.tex
Package: pgfbasepatterns 2006/10/16 v1.10 (rcs-revision 1.9)
))
(/usr/local/texlive/2007/texmf-dist/tex/latex/pgf/compatibility/pgfcomp-version
-0-65.sty
Package: pgfcomp-version-0-65 2006/10/11 v1.10 (rcs-revision 1.4)
\pgf@nodesepstart=\dimen139
\pgf@nodesepend=\dimen140
)) (/usr/local/texlive/2007/texmf-dist/tex/latex/tools/calc.sty
Package: calc 2005/08/06 v4.2 Infix arithmetic (KKT,FJ)
\calc@Acount=\count96
\calc@Bcount=\count97
\calc@Adimen=\dimen141
\calc@Bdimen=\dimen142
\calc@Askip=\skip43
\calc@Bskip=\skip44
LaTeX Info: Redefining \setlength on input line 75.
LaTeX Info: Redefining \addtolength on input line 76.
\calc@Ccount=\count98
\calc@Cskip=\skip45
)
(/usr/local/texlive/2007/texmf-dist/tex/latex/pgf/utilities/pgffor.sty
(/usr/local/texlive/2007/texmf-dist/tex/generic/pgf/utilities/pgffor.code.tex
Package: pgffor 2006/10/16 v1.10 (rcs-revision 1.5)
\pgffor@iter=\dimen143
\pgffor@skip=\dimen144
)) (/usr/local/texlive/2007/texmf-dist/tex/latex/xkeyval/xkeyval.sty
Package: xkeyval 2006/11/18 v2.5f package option processing (HA)

(/usr/local/texlive/2007/texmf-dist/tex/latex/xkeyval/xkeyval.tex
\XKV@toks=\toks15
\XKV@depth=\count99
File: xkeyval.tex 2006/11/18 v2.5f key=value parser (HA)
))
(/usr/local/texlive/2007/texmf-dist/tex/generic/pgf/frontendlayer/tikz.code.tex
Package: tikz 2006/10/17 v1.10 (rcs-revision 1.68)

(/usr/local/texlive/2007/texmf-dist/tex/generic/pgf/libraries/pgflibraryplothan
dlers.code.tex
File: pgflibraryplothandlers.code.tex 2006/10/16 v1.10 (rcs-revision 1.8)
\pgf@plot@mark@count=\count100
\pgfplotmarksize=\dimen145
)
\tikz@lastx=\dimen146
\tikz@lasty=\dimen147
\tikz@lastxsaved=\dimen148
\tikz@lastysaved=\dimen149
\tikzleveldistance=\dimen150
\tikzsiblingdistance=\dimen151
\tikz@figbox=\box30
\tikz@tempbox=\box31
\tikztreelevel=\count101
\tikznumberofchildren=\count102
\tikznumberofcurrentchild=\count103
\tikz@fig@count=\count104
\tikz@expandcount=\count105

(/usr/local/texlive/2007/texmf-dist/tex/generic/pgf/libraries/pgflibrarytikztop
aths.code.tex
File: pgflibrarytikztopaths.code.tex 2006/10/16 v1.10 (rcs-revision 1.5)
)))
(/usr/local/texlive/2007/texmf-dist/tex/latex/tools/multicol.sty
Package: multicol 2006/05/18 v1.6g multicolumn formatting (FMi)
\c@tracingmulticols=\count106
\mult@box=\box32
\multicol@leftmargin=\dimen152
\c@unbalance=\count107
\c@collectmore=\count108
\doublecol@number=\count109
\multicoltolerance=\count110
\multicolpretolerance=\count111
\full@width=\dimen153
\page@free=\dimen154
\premulticols=\dimen155
\postmulticols=\dimen156
\multicolsep=\skip46
\multicolbaselineskip=\skip47
\partial@page=\box33
\last@line=\box34
\mult@rightbox=\box35
\mult@grightbox=\box36
\mult@gfirstbox=\box37
\mult@firstbox=\box38
\@tempa=\box39
\@tempa=\box40
\@tempa=\box41
\@tempa=\box42
\@tempa=\box43
\@tempa=\box44
\@tempa=\box45
\@tempa=\box46
\@tempa=\box47
\@tempa=\box48
\@tempa=\box49
\@tempa=\box50
\@tempa=\box51
\@tempa=\box52
\@tempa=\box53
\@tempa=\box54
\@tempa=\box55
\c@columnbadness=\count112
\c@finalcolumnbadness=\count113
\last@try=\dimen157
\multicolovershoot=\dimen158
\multicolundershoot=\dimen159
\mult@nat@firstbox=\box56
\colbreak@box=\box57
)
(/usr/local/texlive/2007/texmf-dist/tex/latex/fancyhdr/fancyhdr.sty
\fancy@headwidth=\skip48
\f@ncyO@elh=\skip49
\f@ncyO@erh=\skip50
\f@ncyO@olh=\skip51
\f@ncyO@orh=\skip52
\f@ncyO@elf=\skip53
\f@ncyO@erf=\skip54
\f@ncyO@olf=\skip55
\f@ncyO@orf=\skip56
)
(/usr/local/texlive/2007/texmf-dist/tex/latex/hyperref/hyperref.sty
Package: hyperref 2007/02/07 v6.75r Hypertext links for LaTeX
\@linkdim=\dimen160
\Hy@linkcounter=\count114
\Hy@pagecounter=\count115

(/usr/local/texlive/2007/texmf-dist/tex/latex/hyperref/pd1enc.def
File: pd1enc.def 2007/02/07 v6.75r Hyperref: PDFDocEncoding definition (HO)
)
(/usr/local/texlive/2007/texmf/tex/latex/config/hyperref.cfg
File: hyperref.cfg 2002/06/06 v1.2 hyperref configuration of TeXLive
)
(/usr/local/texlive/2007/texmf-dist/tex/latex/oberdiek/kvoptions.sty
Package: kvoptions 2006/08/22 v2.4 Connects package keyval with LaTeX options (
HO)
)
Package hyperref Info: Hyper figures OFF on input line 2288.
Package hyperref Info: Link nesting OFF on input line 2293.
Package hyperref Info: Hyper index ON on input line 2296.
Package hyperref Info: Plain pages OFF on input line 2303.
Package hyperref Info: Backreferencing OFF on input line 2308.

Implicit mode ON; LaTeX internals redefined
Package hyperref Info: Bookmarks ON on input line 2444.
(/usr/local/texlive/2007/texmf-dist/tex/latex/ltxmisc/url.sty
\Urlmuskip=\muskip10
Package: url 2005/06/27  ver 3.2  Verb mode for urls, etc.
)
LaTeX Info: Redefining \url on input line 2599.
\Fld@menulength=\count116
\Field@Width=\dimen161
\Fld@charsize=\dimen162
\Choice@toks=\toks16
\Field@toks=\toks17
Package hyperref Info: Hyper figures OFF on input line 3102.
Package hyperref Info: Link nesting OFF on input line 3107.
Package hyperref Info: Hyper index ON on input line 3110.
Package hyperref Info: backreferencing OFF on input line 3117.
Package hyperref Info: Link coloring OFF on input line 3122.
\Hy@abspage=\count117
\c@Item=\count118
\c@Hfootnote=\count119
)
*hyperref using default driver hpdftex*
(/usr/local/texlive/2007/texmf-dist/tex/latex/hyperref/hpdftex.def
File: hpdftex.def 2007/02/07 v6.75r Hyperref driver for pdfTeX
\Fld@listcount=\count120
)
(/usr/local/texlive/2007/texmf-dist/tex/latex/amsmath/amsmath.sty
Package: amsmath 2000/07/18 v2.13 AMS math features
\@mathmargin=\skip57

For additional information on amsmath, use the `?' option.
(/usr/local/texlive/2007/texmf-dist/tex/latex/amsmath/amstext.sty
Package: amstext 2000/06/29 v2.01

(/usr/local/texlive/2007/texmf-dist/tex/latex/amsmath/amsgen.sty
File: amsgen.sty 1999/11/30 v2.0
\@emptytoks=\toks18
\ex@=\dimen163
))
(/usr/local/texlive/2007/texmf-dist/tex/latex/amsmath/amsbsy.sty
Package: amsbsy 1999/11/29 v1.2d
\pmbraise@=\dimen164
)
(/usr/local/texlive/2007/texmf-dist/tex/latex/amsmath/amsopn.sty
Package: amsopn 1999/12/14 v2.01 operator names
)
\inf@bad=\count121
LaTeX Info: Redefining \frac on input line 211.
\uproot@=\count122
\leftroot@=\count123
LaTeX Info: Redefining \overline on input line 307.
\classnum@=\count124
\DOTSCASE@=\count125
LaTeX Info: Redefining \ldots on input line 379.
LaTeX Info: Redefining \dots on input line 382.
LaTeX Info: Redefining \cdots on input line 467.
\Mathstrutbox@=\box58
\strutbox@=\box59
\big@size=\dimen165
LaTeX Font Info:    Redeclaring font encoding OML on input line 567.
LaTeX Font Info:    Redeclaring font encoding OMS on input line 568.
\macc@depth=\count126
\c@MaxMatrixCols=\count127
\dotsspace@=\muskip11
\c@parentequation=\count128
\dspbrk@lvl=\count129
\tag@help=\toks19
\row@=\count130
\column@=\count131
\maxfields@=\count132
\andhelp@=\toks20
\eqnshift@=\dimen166
\alignsep@=\dimen167
\tagshift@=\dimen168
\tagwidth@=\dimen169
\totwidth@=\dimen170
\lineht@=\dimen171
\@envbody=\toks21
\multlinegap=\skip58
\multlinetaggap=\skip59
\mathdisplay@stack=\toks22
LaTeX Info: Redefining \[ on input line 2666.
LaTeX Info: Redefining \] on input line 2667.
)
Package hyperref Info: Option `colorlinks' set `true' on input line 186.

(/usr/local/texlive/2007/texmf-dist/tex/latex/upquote/upquote.sty
Package: upquote 2003/08/11 v1.1 Covington's upright-quote modification to verb
atim and verb

(/usr/local/texlive/2007/texmf-dist/tex/latex/base/textcomp.sty
Package: textcomp 2005/09/27 v1.99g Standard LaTeX package
Package textcomp Info: Sub-encoding information:
(textcomp)               5 = only ISO-Adobe without \textcurrency
(textcomp)               4 = 5 + \texteuro
(textcomp)               3 = 4 + \textohm
(textcomp)               2 = 3 + \textestimated + \textcurrency
(textcomp)               1 = TS1 - \textcircled - \t
(textcomp)               0 = TS1 (full)
(textcomp)             Font families with sub-encoding setting implement
(textcomp)             only a restricted character set as indicated.
(textcomp)             Family '?' is the default used for unknown fonts.
(textcomp)             See the documentation for details.
Package textcomp Info: Setting ? sub-encoding to TS1/1 on input line 71.

(/usr/local/texlive/2007/texmf-dist/tex/latex/base/ts1enc.def
File: ts1enc.def 2001/06/05 v3.0e (jk/car/fm) Standard LaTeX file
)
LaTeX Info: Redefining \oldstylenums on input line 266.
Package textcomp Info: Setting cmr sub-encoding to TS1/0 on input line 281.
Package textcomp Info: Setting cmss sub-encoding to TS1/0 on input line 282.
Package textcomp Info: Setting cmtt sub-encoding to TS1/0 on input line 283.
Package textcomp Info: Setting cmvtt sub-encoding to TS1/0 on input line 284.
Package textcomp Info: Setting cmbr sub-encoding to TS1/0 on input line 285.
Package textcomp Info: Setting cmtl sub-encoding to TS1/0 on input line 286.
Package textcomp Info: Setting ccr sub-encoding to TS1/0 on input line 287.
Package textcomp Info: Setting ptm sub-encoding to TS1/4 on input line 288.
Package textcomp Info: Setting pcr sub-encoding to TS1/4 on input line 289.
Package textcomp Info: Setting phv sub-encoding to TS1/4 on input line 290.
Package textcomp Info: Setting ppl sub-encoding to TS1/3 on input line 291.
Package textcomp Info: Setting pag sub-encoding to TS1/4 on input line 292.
Package textcomp Info: Setting pbk sub-encoding to TS1/4 on input line 293.
Package textcomp Info: Setting pnc sub-encoding to TS1/4 on input line 294.
Package textcomp Info: Setting pzc sub-encoding to TS1/4 on input line 295.
Package textcomp Info: Setting bch sub-encoding to TS1/4 on input line 296.
Package textcomp Info: Setting put sub-encoding to TS1/5 on input line 297.
Package textcomp Info: Setting uag sub-encoding to TS1/5 on input line 298.
Package textcomp Info: Setting ugq sub-encoding to TS1/5 on input line 299.
Package textcomp Info: Setting ul8 sub-encoding to TS1/4 on input line 300.
Package textcomp Info: Setting ul9 sub-encoding to TS1/4 on input line 301.
Package textcomp Info: Setting augie sub-encoding to TS1/5 on input line 302.
Package textcomp Info: Setting dayrom sub-encoding to TS1/3 on input line 303.
Package textcomp Info: Setting dayroms sub-encoding to TS1/3 on input line 304.

Package textcomp Info: Setting pxr sub-encoding to TS1/0 on input line 305.
Package textcomp Info: Setting pxss sub-encoding to TS1/0 on input line 306.
Package textcomp Info: Setting pxtt sub-encoding to TS1/0 on input line 307.
Package textcomp Info: Setting txr sub-encoding to TS1/0 on input line 308.
Package textcomp Info: Setting txss sub-encoding to TS1/0 on input line 309.
Package textcomp Info: Setting txtt sub-encoding to TS1/0 on input line 310.
Package textcomp Info: Setting futs sub-encoding to TS1/4 on input line 311.
Package textcomp Info: Setting futx sub-encoding to TS1/4 on input line 312.
Package textcomp Info: Setting futj sub-encoding to TS1/4 on input line 313.
Package textcomp Info: Setting hlh sub-encoding to TS1/3 on input line 314.
Package textcomp Info: Setting hls sub-encoding to TS1/3 on input line 315.
Package textcomp Info: Setting hlst sub-encoding to TS1/3 on input line 316.
Package textcomp Info: Setting hlct sub-encoding to TS1/5 on input line 317.
Package textcomp Info: Setting hlx sub-encoding to TS1/5 on input line 318.
Package textcomp Info: Setting hlce sub-encoding to TS1/5 on input line 319.
Package textcomp Info: Setting hlcn sub-encoding to TS1/5 on input line 320.
Package textcomp Info: Setting hlcw sub-encoding to TS1/5 on input line 321.
Package textcomp Info: Setting hlcf sub-encoding to TS1/5 on input line 322.
Package textcomp Info: Setting pplx sub-encoding to TS1/3 on input line 323.
Package textcomp Info: Setting pplj sub-encoding to TS1/3 on input line 324.
Package textcomp Info: Setting ptmx sub-encoding to TS1/4 on input line 325.
Package textcomp Info: Setting ptmj sub-encoding to TS1/4 on input line 326.
))
(/usr/local/texlive/2007/texmf-dist/tex/latex/pslatex/pslatex.sty
Package: pslatex 1996/07/24 v1.2 pslatex emulation (DPC)
LaTeX Font Info:    Redeclaring symbol font `operators' on input line 65.
LaTeX Font Info:    Overwriting symbol font `operators' in version `normal'
(Font)                  OT1/cmr/m/n --> OT1/ptmcm/m/n on input line 65.
LaTeX Font Info:    Overwriting symbol font `operators' in version `bold'
(Font)                  OT1/cmr/bx/n --> OT1/ptmcm/m/n on input line 65.
LaTeX Font Info:    Redeclaring symbol font `letters' on input line 66.
LaTeX Font Info:    Overwriting symbol font `letters' in version `normal'
(Font)                  OML/cmm/m/it --> OML/ptmcm/m/it on input line 66.
LaTeX Font Info:    Overwriting symbol font `letters' in version `bold'
(Font)                  OML/cmm/b/it --> OML/ptmcm/m/it on input line 66.
LaTeX Font Info:    Redeclaring symbol font `symbols' on input line 67.
LaTeX Font Info:    Overwriting symbol font `symbols' in version `normal'
(Font)                  OMS/cmsy/m/n --> OMS/pzccm/m/n on input line 67.
LaTeX Font Info:    Overwriting symbol font `symbols' in version `bold'
(Font)                  OMS/cmsy/b/n --> OMS/pzccm/m/n on input line 67.
LaTeX Font Info:    Redeclaring symbol font `largesymbols' on input line 68.
LaTeX Font Info:    Overwriting symbol font `largesymbols' in version `normal'
(Font)                  OMX/cmex/m/n --> OMX/psycm/m/n on input line 68.
LaTeX Font Info:    Overwriting symbol font `largesymbols' in version `bold'
(Font)                  OMX/cmex/m/n --> OMX/psycm/m/n on input line 68.
\symbold=\mathgroup4
\symitalic=\mathgroup5
LaTeX Font Info:    Redeclaring math alphabet \mathbf on input line 74.
LaTeX Font Info:    Overwriting math alphabet `\mathbf' in version `normal'
(Font)                  OT1/cmr/bx/n --> OT1/ptm/bx/n on input line 74.
LaTeX Font Info:    Overwriting math alphabet `\mathbf' in version `bold'
(Font)                  OT1/cmr/bx/n --> OT1/ptm/bx/n on input line 74.
LaTeX Font Info:    Redeclaring math alphabet \mathit on input line 75.
LaTeX Font Info:    Overwriting math alphabet `\mathit' in version `normal'
(Font)                  OT1/cmr/m/it --> OT1/ptm/m/it on input line 75.
LaTeX Font Info:    Overwriting math alphabet `\mathit' in version `bold'
(Font)                  OT1/cmr/bx/it --> OT1/ptm/m/it on input line 75.
)
(/usr/local/texlive/2007/texmf-dist/tex/latex/psnfss/palatino.sty
Package: palatino 2005/04/12 PSNFSS-v9.2a (SPQR) 
)
(/usr/local/texlive/2007/texmf-dist/tex/latex/psnfss/mathpazo.sty
Package: mathpazo 2005/04/12 PSNFSS-v9.2a Palatino w/ Pazo Math (D.Puga, WaS) 
\symupright=\mathgroup6
)
(/usr/local/texlive/2007/texmf-dist/tex/latex/base/fontenc.sty
Package: fontenc 2005/09/27 v1.99g Standard LaTeX package

(/usr/local/texlive/2007/texmf-dist/tex/latex/base/t1enc.def
File: t1enc.def 2005/09/27 v1.99g Standard LaTeX file
LaTeX Font Info:    Redeclaring font encoding T1 on input line 43.
))
\RJ@box=\box60
\RJ@len=\skip60

(/usr/local/texlive/2007/texmf-dist/tex/latex/tools/verbatim.sty
Package: verbatim 2003/08/22 v1.5q LaTeX2e package for verbatim enhancements
\every@verbatim=\toks23
\verbatim@line=\toks24
\verbatim@in@stream=\read1
)
(/usr/local/texlive/2007/texmf-dist/tex/latex/base/alltt.sty
Package: alltt 1997/06/16 v2.0g defines alltt environment
)
(/usr/local/texlive/2007/texmf-dist/tex/latex/fancyvrb/fancyvrb.sty
Package: fancyvrb 1998/07/17

Style option: `fancyvrb' v2.6, with DG/SPQR fixes <1998/07/17> (tvz)
\FV@CodeLineNo=\count133
\FV@InFile=\read2
\FV@TabBox=\box61
\c@FancyVerbLine=\count134
\FV@StepNumber=\count135
\FV@OutFile=\write4

No file fancyvrb.cfg.
) (/usr/local/texlive/2007/texmf-dist/tex/latex/amsfonts/amsfonts.sty
Package: amsfonts 2001/10/25 v2.2f
\symAMSa=\mathgroup7
\symAMSb=\mathgroup8
LaTeX Font Info:    Overwriting math alphabet `\mathfrak' in version `bold'
(Font)                  U/euf/m/n --> U/euf/b/n on input line 132.
))
(/usr/local/texlive/2007/texmf-dist/tex/latex/natbib/natbib.sty
Package: natbib 2007/02/05 8.0 (PWD)
\bibhang=\skip61
\bibsep=\skip62
LaTeX Info: Redefining \cite on input line 602.
\c@NAT@ctr=\count136
) (./RJpaper.aux)
\openout1 = `RJpaper.aux'.

LaTeX Font Info:    Checking defaults for OML/cmm/m/it on input line 6.
LaTeX Font Info:    ... okay on input line 6.
LaTeX Font Info:    Checking defaults for T1/cmr/m/n on input line 6.
LaTeX Font Info:    ... okay on input line 6.
LaTeX Font Info:    Checking defaults for OT1/cmr/m/n on input line 6.
LaTeX Font Info:    ... okay on input line 6.
LaTeX Font Info:    Checking defaults for OMS/pzccm/m/n on input line 6.
LaTeX Font Info:    Try loading font information for OMS+pzccm on input line 6.

 (/usr/local/texlive/2007/texmf-dist/tex/latex/psnfss/omspzccm.fd
File: omspzccm.fd 2000/01/03 Fontinst v1.801 font definitions for OMS/pzccm.
)
LaTeX Font Info:    ... okay on input line 6.
LaTeX Font Info:    Checking defaults for OMX/cmex/m/n on input line 6.
LaTeX Font Info:    ... okay on input line 6.
LaTeX Font Info:    Checking defaults for U/cmr/m/n on input line 6.
LaTeX Font Info:    ... okay on input line 6.
LaTeX Font Info:    Checking defaults for PD1/pdf/m/n on input line 6.
LaTeX Font Info:    ... okay on input line 6.
LaTeX Font Info:    Checking defaults for TS1/cmr/m/n on input line 6.
LaTeX Font Info:    Try loading font information for TS1+cmr on input line 6.

(/usr/local/texlive/2007/texmf-dist/tex/latex/base/ts1cmr.fd
File: ts1cmr.fd 1999/05/25 v2.5h Standard LaTeX font definitions
)
LaTeX Font Info:    ... okay on input line 6.
LaTeX Font Info:    Try loading font information for T1+ppl on input line 6.

(/usr/local/texlive/2007/texmf-dist/tex/latex/psnfss/t1ppl.fd
File: t1ppl.fd 2001/06/04 font definitions for T1/ppl.
)
(/usr/local/texlive/2007/texmf-dist/tex/context/base/supp-pdf.tex
[Loading MPS to PDF converter (version 2006.09.02).]
\scratchcounter=\count137
\scratchdimen=\dimen172
\scratchbox=\box62
\nofMPsegments=\count138
\nofMParguments=\count139
\MPscratchCnt=\count140
\MPscratchDim=\dimen173
\MPnumerator=\count141
\everyMPtoPDFconversion=\toks25
)
Package hyperref Info: Link coloring ON on input line 6.
 (/usr/local/texlive/2007/texmf-dist/tex/latex/hyperref/nameref.sty
Package: nameref 2006/12/27 v2.28 Cross-referencing by name of section

(/usr/local/texlive/2007/texmf-dist/tex/latex/oberdiek/refcount.sty
Package: refcount 2006/02/20 v3.0 Data extraction from references (HO)
)
\c@section@level=\count142
)
LaTeX Info: Redefining \ref on input line 6.
LaTeX Info: Redefining \pageref on input line 6.

(./RJpaper.out) (./RJpaper.out)
\@outlinefile=\write5
\openout5 = `RJpaper.out'.

LaTeX Font Info:    Font shape `T1/ppl/bx/n' in size <24.88> not available
(Font)              Font shape `T1/ppl/b/n' tried instead on input line 21.
LaTeX Font Info:    Font shape `T1/ppl/bx/n' in size <10> not available
(Font)              Font shape `T1/ppl/b/n' tried instead on input line 21.
LaTeX Font Info:    Font shape `T1/ppl/bx/n' in size <14.4> not available
(Font)              Font shape `T1/ppl/b/n' tried instead on input line 52.
LaTeX Font Info:    Font shape `T1/ppl/bx/n' in size <12> not available
(Font)              Font shape `T1/ppl/b/n' tried instead on input line 85.
LaTeX Font Info:    Try loading font information for OT1+ppl on input line 111.


(/usr/local/texlive/2007/texmf-dist/tex/latex/psnfss/ot1ppl.fd
File: ot1ppl.fd 2001/06/04 font definitions for OT1/ppl.
)
LaTeX Font Info:    Try loading font information for OML+zplm on input line 111
.

(/usr/local/texlive/2007/texmf-dist/tex/latex/psnfss/omlzplm.fd
File: omlzplm.fd 2002/09/08 Fontinst v1.914 font definitions for OML/zplm.
)
LaTeX Font Info:    Try loading font information for OMS+zplm on input line 111
.

(/usr/local/texlive/2007/texmf-dist/tex/latex/psnfss/omszplm.fd
File: omszplm.fd 2002/09/08 Fontinst v1.914 font definitions for OMS/zplm.
)
LaTeX Font Info:    Try loading font information for OMX+zplm on input line 111
.

(/usr/local/texlive/2007/texmf-dist/tex/latex/psnfss/omxzplm.fd
File: omxzplm.fd 2002/09/08 Fontinst v1.914 font definitions for OMX/zplm.
)
LaTeX Font Info:    Font shape `OT1/ptm/bx/n' in size <10> not available
(Font)              Font shape `OT1/ptm/b/n' tried instead on input line 111.
LaTeX Font Info:    Font shape `OT1/ptm/bx/n' in size <7.6> not available
(Font)              Font shape `OT1/ptm/b/n' tried instead on input line 111.
LaTeX Font Info:    Font shape `OT1/ptm/bx/n' in size <6> not available
(Font)              Font shape `OT1/ptm/b/n' tried instead on input line 111.
LaTeX Font Info:    Try loading font information for OT1+zplm on input line 111
.

(/usr/local/texlive/2007/texmf-dist/tex/latex/psnfss/ot1zplm.fd
File: ot1zplm.fd 2002/09/08 Fontinst v1.914 font definitions for OT1/zplm.
)
LaTeX Font Info:    Font shape `U/msa/m/n' will be
(Font)              scaled to size 10.42007pt on input line 111.
LaTeX Font Info:    Font shape `U/msa/m/n' will be
(Font)              scaled to size 7.91925pt on input line 111.
LaTeX Font Info:    Font shape `U/msa/m/n' will be
(Font)              scaled to size 6.25204pt on input line 111.
LaTeX Font Info:    Font shape `U/msb/m/n' will be
(Font)              scaled to size 10.42007pt on input line 111.
LaTeX Font Info:    Font shape `U/msb/m/n' will be
(Font)              scaled to size 7.91925pt on input line 111.
LaTeX Font Info:    Font shape `U/msb/m/n' will be
(Font)              scaled to size 6.25204pt on input line 111.

<cube2D.pdf, id=108, 229.85875pt x 214.8025pt>
File: cube2D.pdf Graphic file (type pdf)
 <use cube2D.pdf>
<cube3D.pdf, id=109, 213.79875pt x 224.84pt>
File: cube3D.pdf Graphic file (type pdf)
 <use cube3D.pdf>
<cube4D.pdf, id=110, 211.79124pt x 230.8625pt>
File: cube4D.pdf Graphic file (type pdf)
 <use cube4D.pdf>
<cube5D.pdf, id=111, 224.84pt x 215.80624pt>
File: cube5D.pdf Graphic file (type pdf)
 <use cube5D.pdf>
Underfull \hbox (badness 10000) in paragraph at lines 126--134
[]\T1/ppl/m/n/10 An al-ter-na-tive way to think of a high-
 []


Underfull \hbox (badness 5417) in paragraph at lines 137--140
[]\T1/ppl/m/n/10 The two dif-fer-ent ways to de-fine a high-
 []

LaTeX Font Info:    Try loading font information for TS1+ppl on input line 143.

(/usr/local/texlive/2007/texmf-dist/tex/latex/psnfss/ts1ppl.fd
File: ts1ppl.fd 2001/06/04 font definitions for TS1/ppl.
)
Underfull \hbox (badness 5274) in paragraph at lines 143--144
[]\T1/ppl/b/n/10 Method 1: \T1/ppl/m/n/10 Re-cur-sively dou-ble a lower-
 []

[1{/usr/local/texlive/2007/texmf-var/fonts/map/pdftex/updmap/pdftex.map}

 <./cube2D.pdf> <./cube3D.pdf> <./cube4D.pdf> <./cube5D.pdf>] [2]
<cube-2-solid.pdf, id=180, 295.1025pt x 276.03125pt>
File: cube-2-solid.pdf Graphic file (type pdf)
 <use cube-2-solid.pdf>
<cube-3-solid.pdf, id=181, 304.13625pt x 254.9525pt>
File: cube-3-solid.pdf Graphic file (type pdf)
 <use cube-3-solid.pdf>
<cube-4-solid.pdf, id=182, 261.97874pt x 270.00874pt>
File: cube-4-solid.pdf Graphic file (type pdf)
 <use cube-4-solid.pdf>
<cube-2-solideq-9.pdf, id=183, 310.15875pt x 290.08376pt>
File: cube-2-solideq-9.pdf Graphic file (type pdf)

<use cube-2-solideq-9.pdf>
<cube-3-solideq-9.pdf, id=184, 312.9243pt x 260.55473pt>
File: cube-3-solideq-9.pdf Graphic file (type pdf)

<use cube-3-solideq-9.pdf>
<cube-4-solideq-9.pdf, id=185, 321.2pt x 300.12125pt>
File: cube-4-solideq-9.pdf Graphic file (type pdf)

<use cube-4-solideq-9.pdf> <cube-x.pdf, id=188, 326.21875pt x 326.21875pt>
File: cube-x.pdf Graphic file (type pdf)

<use cube-x.pdf> <cube-x-y.pdf, id=189, 289.08pt x 289.08pt>
File: cube-x-y.pdf Graphic file (type pdf)

<use cube-x-y.pdf> <cube-x-y-z.pdf, id=190, 269.005pt x 258.9675pt>
File: cube-x-y-z.pdf Graphic file (type pdf)

<use cube-x-y-z.pdf> <cube-4-face-1-1.pdf, id=191, 577.15625pt x 506.89375pt>
File: cube-4-face-1-1.pdf Graphic file (type pdf)

<use cube-4-face-1-1.pdf>
<cube-4-face-2-1.pdf, id=192, 558.085pt x 543.02875pt>
File: cube-4-face-2-1.pdf Graphic file (type pdf)

<use cube-4-face-2-1.pdf> <cube-4-face-3-1.pdf, id=193, 566.115pt x 542.025pt>
File: cube-4-face-3-1.pdf Graphic file (type pdf)

<use cube-4-face-3-1.pdf>
<cube-4-face-4-1.pdf, id=194, 579.60858pt x 587.17825pt>
File: cube-4-face-4-1.pdf Graphic file (type pdf)

<use cube-4-face-4-1.pdf> [3 <./cube-2-solid.pdf> <./cube-3-solid.pdf> <./cube-
4-solid.pdf> <./cube-2-solideq-9.pdf> <./cube-3-solideq-9.pdf> <./cube-4-solide
q-9.pdf> <./cube-x.pdf> <./cube-x-y.pdf> <./cube-x-y-z.pdf>]
<cube-3-vert.pdf, id=283, 317.185pt x 317.185pt>
File: cube-3-vert.pdf Graphic file (type pdf)
 <use cube-3-vert.pdf>
<cube-5-vert.pdf, id=284, 342.27875pt x 318.18875pt>
File: cube-5-vert.pdf Graphic file (type pdf)
 <use cube-5-vert.pdf>
<cube-10-vert.pdf, id=285, 342.27875pt x 323.2075pt>
File: cube-10-vert.pdf Graphic file (type pdf)
 <use cube-10-vert.pdf>
<cube-15-vert.pdf, id=286, 343.2825pt x 321.2pt>
File: cube-15-vert.pdf Graphic file (type pdf)
 <use cube-15-vert.pdf>
[4 <./cube-4-face-1-1.pdf> <./cube-4-face-2-1.pdf> <./cube-4-face-3-1.pdf> <./c
ube-4-face-4-1.pdf> <./cube-3-vert.pdf> <./cube-5-vert.pdf> <./cube-10-vert.pdf
> <./cube-15-vert.pdf>] <sphere-2.pdf, id=369, 315.1775pt x 305.14pt>
File: sphere-2.pdf Graphic file (type pdf)

<use sphere-2.pdf> <sphere-3.pdf, id=370, 331.2375pt x 303.1325pt>
File: sphere-3.pdf Graphic file (type pdf)

<use sphere-3.pdf> <sphere-4.pdf, id=371, 316.18124pt x 290.08376pt>
File: sphere-4.pdf Graphic file (type pdf)

<use sphere-4.pdf> <sphere-2-solid.pdf, id=372, 315.1775pt x 283.0575pt>
File: sphere-2-solid.pdf Graphic file (type pdf)

<use sphere-2-solid.pdf> <sphere-3-solid.pdf, id=373, 321.2pt x 289.08pt>
File: sphere-3-solid.pdf Graphic file (type pdf)

<use sphere-3-solid.pdf>
<sphere-4-solid.pdf, id=374, 315.1775pt x 280.04625pt>
File: sphere-4-solid.pdf Graphic file (type pdf)

<use sphere-4-solid.pdf>
Overfull \hbox (18.05038pt too wide) in paragraph at lines 558--558
[]\T1/pcr/m/n/10 sphere.solid.random <- function(p, n = p * 500) {[] 
 []

<sphere-2-bad.jpg, id=376, 264.99pt x 253.94875pt>
File: sphere-2-bad.jpg Graphic file (type jpg)
 <use sphere-2-bad.jpg>
<sphere-2-good.jpg, id=377, 259.97125pt x 251.94125pt>
File: sphere-2-good.jpg Graphic file (type jpg)
 <use sphere-2-good.jpg>
<sphere-2-1and2.jpg, id=378, 266.9975pt x 245.91875pt>
File: sphere-2-1and2.jpg Graphic file (type jpg)

<use sphere-2-1and2.jpg> <simplex2.pdf, id=379, 323.2075pt x 287.0725pt>
File: simplex2.pdf Graphic file (type pdf)

<use simplex2.pdf> <simplex3.pdf, id=380, 259.97125pt x 259.97125pt>
File: simplex3.pdf Graphic file (type pdf)

<use simplex3.pdf> <simplex4.pdf, id=381, 238.8925pt x 238.8925pt>
File: simplex4.pdf Graphic file (type pdf)

<use simplex4.pdf> <simplex5.pdf, id=382, 185.69376pt x 176.66pt>
File: simplex5.pdf Graphic file (type pdf)

<use simplex5.pdf> [5 <./sphere-2.pdf> <./sphere-3.pdf> <./sphere-4.pdf> <./sph
ere-2-solid.pdf> <./sphere-3-solid.pdf> <./sphere-4-solid.pdf> <./sphere-2-bad.
jpg> <./sphere-2-good.jpg> <./sphere-2-1and2.jpg>]
<24-cell.pdf, id=448, 271.0125pt x 233.87375pt>
File: 24-cell.pdf Graphic file (type pdf)
 <use 24-cell.pdf>
<120-cell.pdf, id=449, 225.84375pt x 201.75375pt>
File: 120-cell.pdf Graphic file (type pdf)
 <use 120-cell.pdf>
<600-cell.pdf, id=450, 279.0425pt x 260.975pt>
File: 600-cell.pdf Graphic file (type pdf)
 <use 600-cell.pdf>
<mobius.pdf, id=454, 224.84pt x 224.84pt>
File: mobius.pdf Graphic file (type pdf)
 <use mobius.pdf>
<roman.pdf, id=455, 256.96pt x 248.93pt>
File: roman.pdf Graphic file (type pdf)
 <use roman.pdf>
<boy-surface.pdf, id=456, 230.8625pt x 241.90375pt>
File: boy-surface.pdf Graphic file (type pdf)
 <use boy-surface.pdf>
[6 <./simplex2.pdf> <./simplex3.pdf> <./simplex4.pdf> <./simplex5.pdf> <./24-ce
ll.pdf> <./120-cell.pdf> <./600-cell.pdf> <./mobius.pdf> <./roman.pdf> <./boy-s
urface.pdf>] <torus-ring-3-2nd-1.pdf, id=559, 237.88875pt x 171.64125pt>
File: torus-ring-3-2nd-1.pdf Graphic file (type pdf)

<use torus-ring-3-2nd-1.pdf>
<torus-ring-3-2nd-2.pdf, id=560, 269.005pt x 207.77625pt>
File: torus-ring-3-2nd-2.pdf Graphic file (type pdf)

<use torus-ring-3-2nd-2.pdf>
<torus-ring-3-2nd-3.pdf, id=561, 266.9975pt x 137.51375pt>
File: torus-ring-3-2nd-3.pdf Graphic file (type pdf)

<use torus-ring-3-2nd-3.pdf>
<torus-rings-4-2.pdf, id=562, 222.8325pt x 142.5325pt>
File: torus-rings-4-2.pdf Graphic file (type pdf)

<use torus-rings-4-2.pdf>
<torus-rings-4-with-torus-2.pdf, id=563, 464.73625pt x 401.5pt>
File: torus-rings-4-with-torus-2.pdf Graphic file (type pdf)

<use torus-rings-4-with-torus-2.pdf>
<torus-rings-4-with-torus-1.pdf, id=564, 493.845pt x 314.17375pt>
File: torus-rings-4-with-torus-1.pdf Graphic file (type pdf)

<use torus-rings-4-with-torus-1.pdf>
<torus-2-50k.pdf, id=566, 295.33034pt x 269.69406pt>
File: torus-2-50k.pdf Graphic file (type pdf)
 <use torus-2-50k.pdf>
<torus-3-50k.pdf, id=567, 267.64313pt x 247.17749pt>
File: torus-3-50k.pdf Graphic file (type pdf)
 <use torus-3-50k.pdf>
<torus-4-50k.pdf, id=568, 272.77042pt x 244.99637pt>
File: torus-4-50k.pdf Graphic file (type pdf)
 <use torus-4-50k.pdf>
[7 <./torus-ring-3-2nd-1.pdf> <./torus-ring-3-2nd-2.pdf> <./torus-ring-3-2nd-3.
pdf> <./torus-rings-4-2.pdf> <./torus-rings-4-with-torus-2.pdf> <./torus-rings-
4-with-torus-1.pdf> <./torus-2-50k.pdf> <./torus-3-50k.pdf> <./torus-4-50k.pdf>
]
Overfull \hbox (23.15036pt too wide) in paragraph at lines 814--814
[]  \T1/pcr/m/n/10 torus[i] <- (torus[i]+radius[i-1]) * sin(t[i-1])[] 
 []

<torus-flat-2.pdf, id=667, 293.095pt x 271.0125pt>
File: torus-flat-2.pdf Graphic file (type pdf)
 <use torus-flat-2.pdf>
<torus-flat-4.pdf, id=668, 323.0177pt x 302.50853pt>
File: torus-flat-4.pdf Graphic file (type pdf)
 <use torus-flat-4.pdf>
<torus-flat-6.pdf, id=669, 351.7302pt x 305.5849pt>
File: torus-flat-6.pdf Graphic file (type pdf)
 <use torus-flat-6.pdf>
<torus-flat-6-0.pdf, id=670, 342.5012pt x 325.06848pt>
File: torus-flat-6-0.pdf Graphic file (type pdf)

<use torus-flat-6-0.pdf>
<torus-flat-6-1.pdf, id=671, 344.55211pt x 326.09395pt>
File: torus-flat-6-1.pdf Graphic file (type pdf)

<use torus-flat-6-1.pdf>
<torus-flat-6-2.pdf, id=672, 345.57755pt x 324.04305pt>
File: torus-flat-6-2.pdf Graphic file (type pdf)

<use torus-flat-6-2.pdf>
<torus-flat-6-3.pdf, id=673, 343.52655pt x 321.99214pt>
File: torus-flat-6-3.pdf Graphic file (type pdf)

<use torus-flat-6-3.pdf>
<torus-flat-6-matrix.pdf, id=674, 690.80864pt x 636.74533pt>
File: torus-flat-6-matrix.pdf Graphic file (type pdf)

<use torus-flat-6-matrix.pdf> [8 <./torus-flat-2.pdf> <./torus-flat-4.pdf> <./t
orus-flat-6.pdf>] (./RJpaper.bbl
Underfull \hbox (badness 10000) in paragraph at lines 27--31
[][]$\T1/pcr/m/n/10 \protect \ protect \ protect \ edefT1{T1} \ let \
 []


Underfull \hbox (badness 10000) in paragraph at lines 27--31
\T1/pcr/m/n/10 enc @ update \ relax \ protect \ edefppl{ppl} \
 []


Underfull \hbox (badness 10000) in paragraph at lines 27--31
\T1/pcr/m/n/10 protect \ edefm{m} \ protect \ edefn{n} \ protect \
 []


Underfull \hbox (badness 10000) in paragraph at lines 27--31
\T1/pcr/m/n/10 xdef \ T1 / pcr / m / n / 10{\T1 / ppl / m / n / 10} \ T1 / pcr 
/
 []


Underfull \hbox (badness 10000) in paragraph at lines 27--31
\T1/pcr/m/n/10 m / n / 10 \ size @ update \ enc @ update \ ignorespaces \
 []


Underfull \hbox (badness 10000) in paragraph at lines 27--31
\T1/pcr/m/n/10 relax \ protect \ relax \ protect \ edefppl{pcr} \
 []


Underfull \hbox (badness 10000) in paragraph at lines 27--31
\T1/pcr/m/n/10 protect \ xdef \ T1 / pcr / m / n / 10{\T1 / ppl / m / n / 10} \

 []


Underfull \hbox (badness 10000) in paragraph at lines 27--31
\T1/pcr/m/n/10 T1 / pcr / m / n / 10 \ size @ update \ enc @ updatehttp :
 []


Underfull \hbox (badness 10000) in paragraph at lines 27--31
\T1/pcr/m/n/10 / / local . wasp . uwa . edu . au / ~pbourke / surfaces _
 []

[9 <./torus-flat-6-0.pdf> <./torus-flat-6-1.pdf> <./torus-flat-6-2.pdf> <./toru
s-flat-6-3.pdf> <./torus-flat-6-matrix.pdf>]
Underfull \hbox (badness 10000) in paragraph at lines 46--52
\T1/pcr/m/n/10 http://www.stat.ucla.edu/journals/jss/ \T1/ppl/m/n/10 and
 []


Overfull \hbox (76.45016pt too wide) in paragraph at lines 46--52
\T1/pcr/m/n/10 http://www.public.iastate.edu/ dicook/JSS/paper/paper.html\T1/pp
l/m/n/10 . 
 []


Underfull \hbox (badness 10000) in paragraph at lines 79--82
[]\T1/ppl/m/n/10 E. Mar-tin.  Flat-land.
 []


Underfull \hbox (badness 10000) in paragraph at lines 79--82
\T1/pcr/m/n/10 http://www.der.org/films/flatland.html\T1/ppl/m/n/10 ,
 []

) [10] (./RJpaper.aux) ) 
Here is how much of TeX's memory you used:
 9307 strings out of 94073
 142832 string characters out of 1162984
 216268 words of memory out of 1500000
 12196 multiletter control sequences out of 10000+50000
 34420 words of font info for 75 fonts, out of 1200000 for 2000
 645 hyphenation exceptions out of 8191
 55i,12n,47p,409b,617s stack positions out of 5000i,500n,6000p,200000b,5000s
{/usr/local/texlive/2007/texmf-dist/fonts/enc/dvips/bas
e/8r.enc}</usr/local/texlive/2007/texmf-dist/fonts/type1/bluesky/cm/cmmi10.pfb>
</usr/local/texlive/2007/texmf-dist/fonts/type1/bluesky/cm/cmr10.pfb></usr/loca
l/texlive/2007/texmf-dist/fonts/type1/bluesky/cm/cmsy10.pfb></usr/local/texlive
/2007/texmf-dist/fonts/type1/public/mathpazo/fplmri.pfb></usr/local/texlive/200
7/texmf-dist/fonts/type1/urw/courier/ucrr8a.pfb></usr/local/texlive/2007/texmf-
dist/fonts/type1/urw/palatino/uplb8a.pfb></usr/local/texlive/2007/texmf-dist/fo
nts/type1/urw/palatino/uplr8a.pfb></usr/local/texlive/2007/texmf-dist/fonts/typ
e1/urw/palatino/uplr8a.pfb></usr/local/texlive/2007/texmf-dist/fonts/type1/urw/
palatino/uplri8a.pfb>
Output written on RJpaper.pdf (10 pages, 1407923 bytes).
PDF statistics:
 861 PDF objects out of 1000 (max. 8388607)
 70 named destinations out of 1000 (max. 131072)
 478 words of extra memory for PDF output out of 10000 (max. 10000000)

