\BOOKMARK [0][-]{section*.1}{Escape from Boxland }{}
\BOOKMARK [1][-]{section*.2}{Abstract}{section*.1}
\BOOKMARK [1][-]{section*.3}{Introduction}{section*.1}
\BOOKMARK [1][-]{section*.4}{Cubes}{section*.1}
\BOOKMARK [2][-]{section*.5}{In the Beginning...}{section*.4}
\BOOKMARK [2][-]{section*.6}{Points on Vertices}{section*.4}
\BOOKMARK [2][-]{section*.7}{Completing the Wire Frame}{section*.4}
\BOOKMARK [2][-]{section*.8}{Solid Cube}{section*.4}
\BOOKMARK [2][-]{section*.9}{Hollow Cube}{section*.4}
\BOOKMARK [2][-]{section*.10}{High-D Cubes Look Spherical!}{section*.4}
\BOOKMARK [1][-]{section*.11}{Spheres}{section*.1}
\BOOKMARK [2][-]{section*.12}{Hollow Sphere}{section*.11}
\BOOKMARK [2][-]{section*.13}{Don't Reject the Solid Sphere!}{section*.11}
\BOOKMARK [1][-]{section*.14}{Simplexes}{section*.1}
\BOOKMARK [1][-]{section*.15}{Polyhedra}{section*.1}
\BOOKMARK [1][-]{section*.16}{Surfaces and Curves}{section*.1}
\BOOKMARK [1][-]{section*.17}{Polytopes}{section*.1}
\BOOKMARK [1][-]{section*.18}{Tori}{section*.1}
\BOOKMARK [2][-]{section*.19}{Ring Torus}{section*.18}
\BOOKMARK [2][-]{section*.20}{Flat Torus}{section*.18}
\BOOKMARK [2][-]{section*.21}{Solid?}{section*.18}
\BOOKMARK [1][-]{section*.22}{Conclusion}{section*.1}
